Using pre-set license
Built from '2020.3/staging' branch; Version is '2020.3.6f1 (338bb68529b2) revision 3378102'; Using compiler version '192528614'; Build Type 'Release'
OS: 'Windows 10 Home; OS build 19041.985; Version 2004; 64bit' Language: 'de' Physical Memory: 16270 MB
BatchMode: 1, IsHumanControllingUs: 0, StartBugReporterOnCrash: 0, Is64bit: 1, IsPro: 0

 COMMAND LINE ARGUMENTS:
C:\Program Files\Unity\Hub\Editor\2020.3.6f1\Editor\Unity.exe
-adb2
-batchMode
-noUpm
-name
AssetImportWorker0
-projectPath
D:/programming/Duell_git/Wizardry1
-logFile
Logs/AssetImportWorker0.log
-srvPort
60993
Successfully changed project path to: D:/programming/Duell_git/Wizardry1
D:/programming/Duell_git/Wizardry1
Using Asset Import Pipeline V2.
Refreshing native plugins compatible for Editor in 42.33 ms, found 1 plugins.
Preloading 0 native plugins for Editor in 0.00 ms.
Initialize engine version: 2020.3.6f1 (338bb68529b2)
[Subsystems] Discovering subsystems at path C:/Program Files/Unity/Hub/Editor/2020.3.6f1/Editor/Data/Resources/UnitySubsystems
[Subsystems] Discovering subsystems at path D:/programming/Duell_git/Wizardry1/Assets
GfxDevice: creating device client; threaded=0
Direct3D:
    Version:  Direct3D 11.0 [level 11.1]
    Renderer: NVIDIA GeForce GTX 1050 (ID=0x1c8d)
    Vendor:   
    VRAM:     1979 MB
    Driver:   27.21.14.5167
Initialize mono
Mono path[0] = 'C:/Program Files/Unity/Hub/Editor/2020.3.6f1/Editor/Data/Managed'
Mono path[1] = 'C:/Program Files/Unity/Hub/Editor/2020.3.6f1/Editor/Data/MonoBleedingEdge/lib/mono/unityjit'
Mono config path = 'C:/Program Files/Unity/Hub/Editor/2020.3.6f1/Editor/Data/MonoBleedingEdge/etc'
Using monoOptions --debugger-agent=transport=dt_socket,embedding=1,server=y,suspend=n,address=127.0.0.1:56576
Begin MonoManager ReloadAssembly
Registering precompiled unity dll's ...
Register platform support module: C:/Program Files/Unity/Hub/Editor/2020.3.6f1/Editor/Data/PlaybackEngines/WindowsStandaloneSupport/UnityEditor.WindowsStandalone.Extensions.dll
Registered in 0.002843 seconds.
Native extension for WindowsStandalone target not found
Refreshing native plugins compatible for Editor in 40.48 ms, found 1 plugins.
Preloading 0 native plugins for Editor in 0.00 ms.
Mono: successfully reloaded assembly
- Completed reload, in  1.233 seconds
Platform modules already initialized, skipping
Registering precompiled user dll's ...
Registered in 0.002161 seconds.
Begin MonoManager ReloadAssembly
Native extension for WindowsStandalone target not found
Refreshing native plugins compatible for Editor in 40.54 ms, found 1 plugins.
Preloading 0 native plugins for Editor in 0.00 ms.
[ScriptCompilation] NOT recompiling all scripts because this is an import worker process. Reason to compile was: Define symbols changed
Find all reader and writers took 105 milliseconds
Script Module: UnityEngine.UI.dll
Weave behaviours and messages took75 milliseconds
Find all reader and writers took 82 milliseconds
Script Module: UnityEngine.TestRunner.dll
Weave behaviours and messages took22 milliseconds
Find all reader and writers took 85 milliseconds
Script Module: Unity.Mathematics.dll
Weave behaviours and messages took191 milliseconds
Find all reader and writers took 71 milliseconds
Script Module: Unity.2D.Animation.Triangle.Runtime.dll
Weave behaviours and messages took36 milliseconds
Find all reader and writers took 84 milliseconds
Script Module: SimpleWebTransport.dll
Weave behaviours and messages took7 milliseconds
Find all reader and writers took 87 milliseconds
Script Module: Unity.Timeline.dll
Weave behaviours and messages took29 milliseconds
Find all reader and writers took 106 milliseconds
Script Module: Unity.TextMeshPro.dll
Weave behaviours and messages took80 milliseconds
Find all reader and writers took 74 milliseconds
Script Module: Unity.2D.Animation.Runtime.dll
Weave behaviours and messages took4 milliseconds
Find all reader and writers took 82 milliseconds
Script Module: Unity.2D.IK.Runtime.dll
Weave behaviours and messages took2 milliseconds
Find all reader and writers took 94 milliseconds
Script Module: Unity.2D.SpriteShape.Runtime.dll
Weave behaviours and messages took30 milliseconds
Find all reader and writers took 86 milliseconds
Script Module: Telepathy.dll
Weave behaviours and messages took2 milliseconds
Find all reader and writers took 97 milliseconds
Script Module: kcp2k.dll
Weave behaviours and messages took4 milliseconds
Find all reader and writers took 105 milliseconds
Script Module: Unity.2D.PixelPerfect.dll
Weave behaviours and messages took1 milliseconds
Find all reader and writers took 97 milliseconds
Script Module: Mirror.Examples.Cloud.GUI.dll
Weave behaviours and messages took3 milliseconds
Find all reader and writers took 86 milliseconds
Script Module: Mirror.Cloud.dll
Weave behaviours and messages took2 milliseconds
Find all reader and writers took 92 milliseconds
Script Module: Assembly-CSharp.dll
Weave behaviours and messages took0 milliseconds
Find all reader and writers took 99 milliseconds
Script Module: Unity.2D.Common.Runtime.dll
Weave behaviours and messages took0 milliseconds
Find all reader and writers took 88 milliseconds
Script Module: Unity.InternalAPIEngineBridge.001.dll
Weave behaviours and messages took0 milliseconds
Find all reader and writers took 110 milliseconds
Script Module: UnityEditor.TestRunner.dll
Weave behaviours and messages took38 milliseconds
Find all reader and writers took 105 milliseconds
Script Module: UnityEditor.UI.dll
Weave behaviours and messages took10 milliseconds
Find all reader and writers took 93 milliseconds
Script Module: PsdPlugin.dll
Weave behaviours and messages took17 milliseconds
Find all reader and writers took 87 milliseconds
Script Module: Mirror.CompilerSymbols.dll
Weave behaviours and messages took0 milliseconds
Find all reader and writers took 105 milliseconds
Script Module: Unity.InternalAPIEditorBridge.001.dll
Weave behaviours and messages took1 milliseconds
Mono: successfully reloaded assembly
- Completed reload, in  7.738 seconds
Platform modules already initialized, skipping
========================================================================
Worker process is ready to serve import requests
Launched and connected shader compiler UnityShaderCompiler.exe after 0.08 seconds
Refreshing native plugins compatible for Editor in 0.40 ms, found 1 plugins.
Preloading 0 native plugins for Editor in 0.00 ms.
Unloading 2069 Unused Serialized files (Serialized files now loaded: 0)
System memory in use before: 92.7 MB.
System memory in use after: 92.7 MB.

Unloading 29 unused Assets to reduce memory usage. Loaded Objects now: 2508.
Total: 4.455700 ms (FindLiveObjects: 0.449400 ms CreateObjectMapping: 0.156200 ms MarkObjects: 3.681000 ms  DeleteObjects: 0.159900 ms)

========================================================================
Received Import Request.
  path: Assets/Prefabs/PlayerManager.prefab
  artifactKey: Guid(01d06f48a8fcc7047af0311f50db5eef) Importer(815301076,1909f56bfc062723c751e8b465ee728b)
Start importing Assets/Prefabs/PlayerManager.prefab using Guid(01d06f48a8fcc7047af0311f50db5eef) Importer(815301076,1909f56bfc062723c751e8b465ee728b)  -> (artifact id: '674c47fa2cb657c17308dadb635bdb4a') in 0.089021 seconds
  Import took 0.092332 seconds .

========================================================================
Received Prepare
Registering precompiled user dll's ...
Registered in 0.003883 seconds.
Begin MonoManager ReloadAssembly
Native extension for WindowsStandalone target not found
Refreshing native plugins compatible for Editor in 0.39 ms, found 1 plugins.
Preloading 0 native plugins for Editor in 0.00 ms.
[ScriptCompilation] NOT recompiling all scripts because this is an import worker process. Reason to compile was: Define symbols changed
Mono: successfully reloaded assembly
- Completed reload, in  0.866 seconds
Platform modules already initialized, skipping
Refreshing native plugins compatible for Editor in 0.39 ms, found 1 plugins.
Preloading 0 native plugins for Editor in 0.00 ms.
Unloading 2064 Unused Serialized files (Serialized files now loaded: 0)
System memory in use before: 92.7 MB.
System memory in use after: 92.7 MB.

Unloading 17 unused Assets to reduce memory usage. Loaded Objects now: 2512.
Total: 2.418100 ms (FindLiveObjects: 0.275000 ms CreateObjectMapping: 0.090500 ms MarkObjects: 1.920600 ms  DeleteObjects: 0.130600 ms)

AssetImportWorkerClient::OnTransportError - code=2 error=End of file
